<?xml version="1.0" encoding="UTF-8"?>
<!-- Generated by org.testng.reporters.JUnitReportReporter -->
<testsuite hostname="DESKTOP-C4T3QLF" failures="0" tests="1" name="restAssured.ComplexJsonParse" time="1.719" errors="0" timestamp="2023-12-07T21:52:12 EST" skipped="0">
  <testcase classname="restAssured.ComplexJsonParse" name="complexJsonParse" time="1.719"/>
</testsuite> <!-- restAssured.ComplexJsonParse -->
